2018/02/14 10:04:25,80 root INFO 
2018/02/27 10:26:57,497 root INFO 
2018/03/07 14:38:02,452 root INFO 170301_D00222_0498_BHG72GBCXY
2018/03/07 14:40:14,57 root INFO 
2018/03/07 14:43:05,118 root INFO 170301_D00222_0498_BHG72GBCXY
2018/03/07 14:59:17,150 root INFO 170301_D00222_0498_BHG72GBCXY
2018/03/07 15:01:48,929 root INFO 170301_D00222_0498_BHG72GBCXY
2018/03/07 15:05:30,738 root INFO 170301_D00222_0498_BHG72GBCXY
2018/03/07 15:05:51,375 root INFO 
2018/03/07 15:06:24,372 root INFO 170301_D00222_0498_BHG72GBCXY
2018/03/07 15:08:08,821 root INFO 170301_D00222_0498_BHG72GBCXY
2018/03/07 15:25:17,848 root INFO 170928_D00222_0524_AHYGMNBCXY
2018/03/07 16:10:05,669 root INFO 160908_D00222_0464_AHVM3HBCXX,160914_D00222_0465_BHVLWCBCXX,160919_D00222_0466_AHVK7FBCXX,160922_D00341_0489_AHVNV5BCXX,160930_D00341_0491_AHVM2GBCXX,161005_D00222_0467_AHVJJMBCXX,161013_D00341_0494_AHVJJCBCXX,161017_D00222_0470_AHVLNLBCXX,161021_D00341_0497_AHVLWFBCXX,161031_D00222_0472_BH3LCCBCXY,161031_D00341_0499_AHVJJYBCXX,161104_D00341_0502_AH3GM2BCXY,161110_D00341_0503_AH3N3TBCXY,161208_D00222_0481_AH3FGVBCXY,161214_D00341_0506_AH7KNCBCXY,161228_D00222_0486_AH7KYHBCXY,170105_D00222_0487_AH7LFTBCXY,170105_D00341_0512_AH7LYGBCXY,170117_D00341_0513_AHFG5NBCXY,170120_D00222_0489_BHFFTWBCXY,170127_D00341_0514_AHFG37BCXY,170127_D00341_0515_BHFFYVBCXY,170206_D00341_0516_AHFG72BCXY,170209_D00341_0517_BHC5WYBCXY,170213_D00222_0492_AHC3M5BCXY,170221_D00341_0518_AHG3TWBCXY,170227_D00222_0497_AHG3V2BCXY,170301_D00222_0498_BHG72GBCXY,170303_D00341_0520_AHG5HFBCXY,170309_D00341_0521_BHG5FNBCXY,170313_D00341_0522_AHG5YMBCXY,170317_D00222_0502_AHG37NBCXY,170330_D00222_0504_AHG3W3BCXY,170407_D00341_0526_AHHH5FBCXY,170407_D00341_0527_BHHH5WBCXY,170412_D00341_0528_AHHH3GBCXY,170419_D00341_0529_AHKJ7NBCXY,170426_D00341_0530_AHKHN5BCXY,170510_D00222_0507_AHKFGTBCXY,170608_D00341_0534_BHJHY3BCXY,170612_D00222_0509_AHLCCNBCXY,170615_D00222_0510_BHLHLVBCXY,170627_D00222_0512_AHLFG5BCXY,170724_D00222_0513_AHLFG2BCXY,170908_D00341_0543_BHVFNJBCXY,170915_D00222_0519_AHVCHJBCXY,170928_D00222_0524_AHYGMNBCXY,171004_D00341_0546_AHYGHJBCXY,171102_D00222_0536_AHYMJ2BCXY
2018/03/07 16:11:44,728 root INFO 
2018/03/07 16:16:48,356 root INFO 160831_D00341_0485_AHMWCYBCXX,160908_D00222_0464_AHVM3HBCXX,160914_D00222_0465_BHVLWCBCXX,160919_D00222_0466_AHVK7FBCXX,160922_D00341_0489_AHVNV5BCXX,160930_D00341_0491_AHVM2GBCXX,161005_D00222_0467_AHVJJMBCXX,161013_D00341_0494_AHVJJCBCXX,161017_D00222_0470_AHVLNLBCXX,161021_D00341_0497_AHVLWFBCXX,161031_D00222_0472_BH3LCCBCXY,161031_D00341_0499_AHVJJYBCXX,161104_D00341_0502_AH3GM2BCXY,161110_D00341_0503_AH3N3TBCXY,161208_D00222_0481_AH3FGVBCXY,161214_D00341_0506_AH7KNCBCXY,161228_D00222_0486_AH7KYHBCXY,170105_D00222_0487_AH7LFTBCXY,170105_D00341_0512_AH7LYGBCXY,170117_D00341_0513_AHFG5NBCXY,170120_D00222_0489_BHFFTWBCXY,170127_D00341_0514_AHFG37BCXY,170127_D00341_0515_BHFFYVBCXY,170206_D00341_0516_AHFG72BCXY,170209_D00341_0517_BHC5WYBCXY,170213_D00222_0492_AHC3M5BCXY,170221_D00341_0518_AHG3TWBCXY,170227_D00222_0497_AHG3V2BCXY,170301_D00222_0498_BHG72GBCXY,170303_D00341_0520_AHG5HFBCXY,170309_D00341_0521_BHG5FNBCXY,170313_D00341_0522_AHG5YMBCXY,170317_D00222_0502_AHG37NBCXY,170330_D00222_0504_AHG3W3BCXY,170407_D00341_0526_AHHH5FBCXY,170407_D00341_0527_BHHH5WBCXY,170412_D00341_0528_AHHH3GBCXY,170419_D00341_0529_AHKJ7NBCXY,170426_D00341_0530_AHKHN5BCXY,170510_D00222_0507_AHKFGTBCXY,170608_D00341_0534_BHJHY3BCXY,170612_D00222_0509_AHLCCNBCXY,170615_D00222_0510_BHLHLVBCXY,170627_D00222_0512_AHLFG5BCXY,170724_D00222_0513_AHLFG2BCXY,170908_D00341_0543_BHVFNJBCXY,170915_D00222_0519_AHVCHJBCXY,170928_D00222_0524_AHYGMNBCXY,171004_D00341_0546_AHYGHJBCXY,171102_D00222_0536_AHYMJ2BCXY
2018/03/13 17:23:27,695 root INFO 
2018/03/13 17:23:45,38 root INFO 
2018/03/13 17:24:11,675 root INFO 
2018/03/13 17:25:51,714 root INFO 170301_D00222_0498_BHG72GBCXY
2018/03/13 17:26:09,903 root INFO 
2018/03/13 17:27:25,692 root INFO 
2018/03/13 17:27:50,970 root INFO 
2018/03/15 15:18:21,548 root INFO 
2018/03/15 15:19:29,867 root INFO 170301_D00222_0498_BHG72GBCXY
2018/03/29 14:31:24,844 root INFO 
2018/03/29 15:01:51,636 root INFO 170324_D00341_0523_AHHJK7BCXY,170330_D00222_0504_AHG3W3BCXY,170407_D00341_0526_AHHH5FBCXY,170407_D00341_0527_BHHH5WBCXY,170412_D00341_0528_AHHH3GBCXY,170419_D00341_0529_AHKJ7NBCXY,170426_D00341_0530_AHKHN5BCXY,170510_D00222_0507_AHKFGTBCXY,170518_D00341_0532_AHKHMWBCXY,170608_D00341_0534_BHJHY3BCXY,170612_D00222_0509_AHLCCNBCXY,170615_D00222_0510_BHLHLVBCXY,170627_D00222_0512_AHLFG5BCXY,170724_D00222_0513_AHLFG2BCXY,170803_D00341_0538_AHL3L3BCXY,170809_D00341_0539_AHMWYNBCXY,170818_D00222_0516_AHMYKVBCXY,170908_D00341_0543_BHVFNJBCXY,170915_D00222_0519_AHVCHJBCXY,170928_D00222_0524_AHYGMNBCXY,171004_D00341_0546_AHYGHJBCXY,171011_D00341_0549_BHYGMMBCXY,171020_D00222_0528_BHYFC2BCXY,171114_D00341_0562_AH2GGNBCX2,171226_D00341_0577_AH5GKMBCX2,171228_D00341_0578_BH5GM2BCX2
2018/03/29 15:17:16,885 root INFO 160831_D00341_0485_AHMWCYBCXX,160908_D00222_0464_AHVM3HBCXX,160914_D00222_0465_BHVLWCBCXX,160919_D00222_0466_AHVK7FBCXX,160922_D00341_0489_AHVNV5BCXX,160930_D00341_0491_AHVM2GBCXX,161005_D00222_0467_AHVJJMBCXX,161013_D00341_0494_AHVJJCBCXX,161017_D00222_0470_AHVLNLBCXX,161021_D00341_0497_AHVLWFBCXX,161031_D00222_0472_BH3LCCBCXY,161031_D00341_0499_AHVJJYBCXX,161104_D00341_0502_AH3GM2BCXY,161110_D00341_0503_AH3N3TBCXY,161208_D00222_0481_AH3FGVBCXY,161214_D00341_0506_AH7KNCBCXY,161228_D00222_0486_AH7KYHBCXY,170105_D00222_0487_AH7LFTBCXY,170105_D00341_0512_AH7LYGBCXY,170117_D00341_0513_AHFG5NBCXY,170120_D00222_0489_BHFFTWBCXY,170127_D00341_0514_AHFG37BCXY,170127_D00341_0515_BHFFYVBCXY,170206_D00341_0516_AHFG72BCXY,170209_D00341_0517_BHC5WYBCXY,170213_D00222_0492_AHC3M5BCXY,170221_D00341_0518_AHG3TWBCXY,170227_D00222_0497_AHG3V2BCXY,170301_D00222_0498_BHG72GBCXY,170303_D00341_0520_AHG5HFBCXY,170309_D00341_0521_BHG5FNBCXY,170313_D00341_0522_AHG5YMBCXY,170317_D00222_0502_AHG37NBCXY,170324_D00341_0523_AHHJK7BCXY,170330_D00222_0504_AHG3W3BCXY,170407_D00341_0526_AHHH5FBCXY,170407_D00341_0527_BHHH5WBCXY,170412_D00341_0528_AHHH3GBCXY,170419_D00341_0529_AHKJ7NBCXY,170426_D00341_0530_AHKHN5BCXY,170510_D00222_0507_AHKFGTBCXY,170518_D00341_0532_AHKHMWBCXY,170608_D00341_0534_BHJHY3BCXY,170612_D00222_0509_AHLCCNBCXY,170615_D00222_0510_BHLHLVBCXY,170627_D00222_0512_AHLFG5BCXY,170724_D00222_0513_AHLFG2BCXY,170803_D00341_0538_AHL3L3BCXY,170809_D00341_0539_AHMWYNBCXY,170818_D00222_0516_AHMYKVBCXY,170908_D00341_0543_BHVFNJBCXY,170915_D00222_0519_AHVCHJBCXY,170928_D00222_0524_AHYGMNBCXY,171004_D00341_0546_AHYGHJBCXY,171011_D00341_0549_BHYGMMBCXY,171020_D00222_0528_BHYFC2BCXY,171114_D00341_0562_AH2GGNBCX2,171226_D00341_0577_AH5GKMBCX2,171228_D00341_0578_BH5GM2BCX2
2018/03/29 15:22:29,823 root INFO 170407_D00341_0527_BHHH5WBCXY
2018/03/29 15:23:13,452 root INFO 170407_D00341_0527_BHHH5WBCXY
2018/03/29 15:23:30,808 root INFO 170407_D00341_0527_BHHH5WBCXY
2018/03/29 15:24:38,667 root INFO 170317_D00222_0502_AHG37NBCXY
2018/03/29 15:25:56,239 root INFO 170317_D00222_0502_AHG37NBCXY
2018/03/29 15:26:31,548 root INFO 170317_D00222_0502_AHG37NBCXY
2018/03/29 15:30:36,706 root INFO 170317_D00222_0502_AHG37NBCXY
2018/03/29 16:10:58,135 root INFO 
2018/03/29 16:11:45,197 root INFO 170407_D00341_0527_BHHH5WBCXY
2018/03/29 16:19:06,899 root INFO 170407_D00341_0527_BHHH5WBCXY
2018/03/29 16:19:52,705 root INFO 170407_D00341_0527_BHHH5WBCXY
2018/03/29 16:20:16,158 root INFO 170407_D00341_0527_BHHH5WBCXY
2018/03/29 16:21:13,958 root INFO 170407_D00341_0527_BHHH5WBCXY
2018/03/29 16:21:28,242 root INFO 170407_D00341_0527_BHHH5WBCXY
2018/03/29 16:23:12,72 root INFO 170407_D00341_0527_BHHH5WBCXY
2018/03/29 16:24:07,820 root INFO 170407_D00341_0527_BHHH5WBCXY
2018/03/29 16:24:32,81 root INFO 170407_D00341_0527_BHHH5WBCXY
2018/03/29 16:24:58,151 root INFO 170407_D00341_0527_BHHH5WBCXY
2018/03/29 16:25:18,137 root INFO 170407_D00341_0527_BHHH5WBCXY
2018/03/29 16:25:52,518 root INFO 170407_D00341_0527_BHHH5WBCXY
2018/03/29 16:26:29,674 root INFO 170407_D00341_0527_BHHH5WBCXY
2018/03/29 16:29:49,426 root INFO 160831_D00341_0485_AHMWCYBCXX,160908_D00222_0464_AHVM3HBCXX,160914_D00222_0465_BHVLWCBCXX,160919_D00222_0466_AHVK7FBCXX,160922_D00341_0489_AHVNV5BCXX,160930_D00341_0491_AHVM2GBCXX,161005_D00222_0467_AHVJJMBCXX,161013_D00341_0494_AHVJJCBCXX,161017_D00222_0470_AHVLNLBCXX,161021_D00341_0497_AHVLWFBCXX,161031_D00222_0472_BH3LCCBCXY,161031_D00341_0499_AHVJJYBCXX,161104_D00341_0502_AH3GM2BCXY,161110_D00341_0503_AH3N3TBCXY,161208_D00222_0481_AH3FGVBCXY,161214_D00341_0506_AH7KNCBCXY,161228_D00222_0486_AH7KYHBCXY,170105_D00222_0487_AH7LFTBCXY,170105_D00341_0512_AH7LYGBCXY,170117_D00341_0513_AHFG5NBCXY,170120_D00222_0489_BHFFTWBCXY,170127_D00341_0514_AHFG37BCXY,170127_D00341_0515_BHFFYVBCXY,170206_D00341_0516_AHFG72BCXY,170209_D00341_0517_BHC5WYBCXY,170213_D00222_0492_AHC3M5BCXY,170221_D00341_0518_AHG3TWBCXY,170227_D00222_0497_AHG3V2BCXY,170301_D00222_0498_BHG72GBCXY,170303_D00341_0520_AHG5HFBCXY,170309_D00341_0521_BHG5FNBCXY,170313_D00341_0522_AHG5YMBCXY,170317_D00222_0502_AHG37NBCXY,170324_D00341_0523_AHHJK7BCXY,170330_D00222_0504_AHG3W3BCXY,170407_D00341_0526_AHHH5FBCXY,170407_D00341_0527_BHHH5WBCXY,170412_D00341_0528_AHHH3GBCXY,170419_D00341_0529_AHKJ7NBCXY,170426_D00341_0530_AHKHN5BCXY,170510_D00222_0507_AHKFGTBCXY,170518_D00341_0532_AHKHMWBCXY,170608_D00341_0534_BHJHY3BCXY,170612_D00222_0509_AHLCCNBCXY,170615_D00222_0510_BHLHLVBCXY,170627_D00222_0512_AHLFG5BCXY,170724_D00222_0513_AHLFG2BCXY,170803_D00341_0538_AHL3L3BCXY,170809_D00341_0539_AHMWYNBCXY,170818_D00222_0516_AHMYKVBCXY,170908_D00341_0543_BHVFNJBCXY,170915_D00222_0519_AHVCHJBCXY,170928_D00222_0524_AHYGMNBCXY,171004_D00341_0546_AHYGHJBCXY,171011_D00341_0549_BHYGMMBCXY,171020_D00222_0528_BHYFC2BCXY,171114_D00341_0562_AH2GGNBCX2,171226_D00341_0577_AH5GKMBCX2,171228_D00341_0578_BH5GM2BCX2
2018/03/29 16:30:39,503 root INFO 170615_D00222_0510_BHLHLVBCXY
2018/03/29 16:33:01,594 root INFO 170615_D00222_0510_BHLHLVBCXY
2018/03/29 16:33:26,180 root INFO 170615_D00222_0510_BHLHLVBCXY
2018/03/29 16:41:27,39 root INFO 160831_D00341_0485_AHMWCYBCXX,160908_D00222_0464_AHVM3HBCXX,160914_D00222_0465_BHVLWCBCXX,160919_D00222_0466_AHVK7FBCXX,160922_D00341_0489_AHVNV5BCXX,160930_D00341_0491_AHVM2GBCXX,161005_D00222_0467_AHVJJMBCXX,161013_D00341_0494_AHVJJCBCXX,161017_D00222_0470_AHVLNLBCXX,161021_D00341_0497_AHVLWFBCXX,161031_D00222_0472_BH3LCCBCXY,161031_D00341_0499_AHVJJYBCXX,161104_D00341_0502_AH3GM2BCXY,161110_D00341_0503_AH3N3TBCXY,161208_D00222_0481_AH3FGVBCXY,161214_D00341_0506_AH7KNCBCXY,161228_D00222_0486_AH7KYHBCXY,170105_D00222_0487_AH7LFTBCXY,170105_D00341_0512_AH7LYGBCXY,170117_D00341_0513_AHFG5NBCXY,170120_D00222_0489_BHFFTWBCXY,170127_D00341_0514_AHFG37BCXY,170127_D00341_0515_BHFFYVBCXY,170206_D00341_0516_AHFG72BCXY,170209_D00341_0517_BHC5WYBCXY,170213_D00222_0492_AHC3M5BCXY,170221_D00341_0518_AHG3TWBCXY,170227_D00222_0497_AHG3V2BCXY,170301_D00222_0498_BHG72GBCXY,170303_D00341_0520_AHG5HFBCXY,170309_D00341_0521_BHG5FNBCXY,170313_D00341_0522_AHG5YMBCXY,170317_D00222_0502_AHG37NBCXY,170324_D00341_0523_AHHJK7BCXY,170330_D00222_0504_AHG3W3BCXY,170407_D00341_0526_AHHH5FBCXY,170407_D00341_0527_BHHH5WBCXY,170412_D00341_0528_AHHH3GBCXY,170419_D00341_0529_AHKJ7NBCXY,170426_D00341_0530_AHKHN5BCXY,170510_D00222_0507_AHKFGTBCXY,170518_D00341_0532_AHKHMWBCXY,170608_D00341_0534_BHJHY3BCXY,170612_D00222_0509_AHLCCNBCXY,170615_D00222_0510_BHLHLVBCXY,170627_D00222_0512_AHLFG5BCXY,170724_D00222_0513_AHLFG2BCXY,170803_D00341_0538_AHL3L3BCXY,170809_D00341_0539_AHMWYNBCXY,170818_D00222_0516_AHMYKVBCXY,170908_D00341_0543_BHVFNJBCXY,170915_D00222_0519_AHVCHJBCXY,170928_D00222_0524_AHYGMNBCXY,171004_D00341_0546_AHYGHJBCXY,171011_D00341_0549_BHYGMMBCXY,171020_D00222_0528_BHYFC2BCXY,171114_D00341_0562_AH2GGNBCX2,171226_D00341_0577_AH5GKMBCX2,171228_D00341_0578_BH5GM2BCX2
2018/03/29 16:53:53,370 root INFO 170615_D00222_0510_BHLHLVBCXY
2018/03/29 16:54:45,687 root INFO 170615_D00222_0510_BHLHLVBCXY,170818_D00222_0516_AHMYKVBCXY
2018/03/29 16:57:17,972 root INFO 170615_D00222_0510_BHLHLVBCXY,170818_D00222_0516_AHMYKVBCXY
2018/03/29 16:57:39,353 root INFO 170615_D00222_0510_BHLHLVBCXY,170818_D00222_0516_AHMYKVBCXY
2018/03/29 17:00:35,294 root INFO 170615_D00222_0510_BHLHLVBCXY,170818_D00222_0516_AHMYKVBCXY
2018/03/29 17:02:39,102 root INFO 170615_D00222_0510_BHLHLVBCXY,170818_D00222_0516_AHMYKVBCXY
2018/03/29 17:03:43,273 root INFO 170615_D00222_0510_BHLHLVBCXY,170818_D00222_0516_AHMYKVBCXY
2018/03/29 17:19:35,634 root INFO 170615_D00222_0510_BHLHLVBCXY,170818_D00222_0516_AHMYKVBCXY
2018/03/29 17:20:34,260 root INFO 170615_D00222_0510_BHLHLVBCXY,170818_D00222_0516_AHMYKVBCXY
2018/03/29 17:33:16,165 root INFO 170615_D00222_0510_BHLHLVBCXY,170818_D00222_0516_AHMYKVBCXY
2018/03/29 17:33:36,359 root INFO 170615_D00222_0510_BHLHLVBCXY,170818_D00222_0516_AHMYKVBCXY
2018/03/29 17:34:28,403 root INFO 170615_D00222_0510_BHLHLVBCXY,170818_D00222_0516_AHMYKVBCXY
2018/03/29 17:36:10,258 root INFO 170615_D00222_0510_BHLHLVBCXY,170818_D00222_0516_AHMYKVBCXY
2018/03/30 10:37:05,276 root INFO 170615_D00222_0510_BHLHLVBCXY,170818_D00222_0516_AHMYKVBCXY
2018/03/30 10:39:17,221 root INFO 170615_D00222_0510_BHLHLVBCXY,170818_D00222_0516_AHMYKVBCXY
2018/03/30 10:40:02,338 root INFO 170615_D00222_0510_BHLHLVBCXY,170818_D00222_0516_AHMYKVBCXY
2018/03/30 10:40:53,873 root INFO 170615_D00222_0510_BHLHLVBCXY,170818_D00222_0516_AHMYKVBCXY
2018/03/30 10:41:40,442 root INFO 170615_D00222_0510_BHLHLVBCXY,170818_D00222_0516_AHMYKVBCXY
2018/03/30 10:44:43,728 root INFO 170615_D00222_0510_BHLHLVBCXY,170818_D00222_0516_AHMYKVBCXY
2018/03/30 10:47:45,254 root INFO 170615_D00222_0510_BHLHLVBCXY,170818_D00222_0516_AHMYKVBCXY
2018/03/30 10:48:24,288 root INFO 170615_D00222_0510_BHLHLVBCXY,170818_D00222_0516_AHMYKVBCXY
2018/03/30 11:29:55,15 root INFO 170615_D00222_0510_BHLHLVBCXY,170818_D00222_0516_AHMYKVBCXY
2018/03/30 11:36:11,134 root INFO 170615_D00222_0510_BHLHLVBCXY,170818_D00222_0516_AHMYKVBCXY
2018/03/30 11:37:13,573 root INFO 170615_D00222_0510_BHLHLVBCXY,170818_D00222_0516_AHMYKVBCXY
2018/03/30 11:37:48,329 root INFO 170615_D00222_0510_BHLHLVBCXY,170818_D00222_0516_AHMYKVBCXY
2018/03/30 11:39:33,175 root INFO 170615_D00222_0510_BHLHLVBCXY,170818_D00222_0516_AHMYKVBCXY
2018/03/30 11:40:07,534 root INFO 170615_D00222_0510_BHLHLVBCXY,170818_D00222_0516_AHMYKVBCXY
2018/03/30 11:41:32,314 root INFO 170615_D00222_0510_BHLHLVBCXY,170818_D00222_0516_AHMYKVBCXY
2018/03/30 11:46:21,827 root INFO 170615_D00222_0510_BHLHLVBCXY,170818_D00222_0516_AHMYKVBCXY
2018/03/30 11:47:05,155 root INFO 170615_D00222_0510_BHLHLVBCXY,170818_D00222_0516_AHMYKVBCXY
2018/03/30 11:48:45,579 root INFO 170615_D00222_0510_BHLHLVBCXY,170818_D00222_0516_AHMYKVBCXY
2018/03/30 11:49:08,809 root INFO 170615_D00222_0510_BHLHLVBCXY,170818_D00222_0516_AHMYKVBCXY
2018/03/30 11:52:50,519 root INFO 170615_D00222_0510_BHLHLVBCXY,170818_D00222_0516_AHMYKVBCXY
2018/03/30 12:01:28,547 root INFO 160831_D00341_0485_AHMWCYBCXX,160908_D00222_0464_AHVM3HBCXX,160914_D00222_0465_BHVLWCBCXX,160919_D00222_0466_AHVK7FBCXX,160922_D00341_0489_AHVNV5BCXX,160930_D00341_0491_AHVM2GBCXX,161005_D00222_0467_AHVJJMBCXX,161013_D00341_0494_AHVJJCBCXX,161017_D00222_0470_AHVLNLBCXX,161021_D00341_0497_AHVLWFBCXX,161031_D00222_0472_BH3LCCBCXY,161031_D00341_0499_AHVJJYBCXX,161104_D00341_0502_AH3GM2BCXY,161110_D00341_0503_AH3N3TBCXY,161208_D00222_0481_AH3FGVBCXY,161214_D00341_0506_AH7KNCBCXY,161228_D00222_0486_AH7KYHBCXY,170105_D00222_0487_AH7LFTBCXY,170105_D00341_0512_AH7LYGBCXY,170117_D00341_0513_AHFG5NBCXY,170120_D00222_0489_BHFFTWBCXY,170127_D00341_0514_AHFG37BCXY,170127_D00341_0515_BHFFYVBCXY,170206_D00341_0516_AHFG72BCXY,170209_D00341_0517_BHC5WYBCXY,170213_D00222_0492_AHC3M5BCXY,170221_D00341_0518_AHG3TWBCXY,170227_D00222_0497_AHG3V2BCXY,170301_D00222_0498_BHG72GBCXY,170303_D00341_0520_AHG5HFBCXY,170309_D00341_0521_BHG5FNBCXY,170313_D00341_0522_AHG5YMBCXY,170317_D00222_0502_AHG37NBCXY,170324_D00341_0523_AHHJK7BCXY,170330_D00222_0504_AHG3W3BCXY,170407_D00341_0526_AHHH5FBCXY,170407_D00341_0527_BHHH5WBCXY,170412_D00341_0528_AHHH3GBCXY,170419_D00341_0529_AHKJ7NBCXY,170426_D00341_0530_AHKHN5BCXY,170510_D00222_0507_AHKFGTBCXY,170518_D00341_0532_AHKHMWBCXY,170608_D00341_0534_BHJHY3BCXY,170612_D00222_0509_AHLCCNBCXY,170615_D00222_0510_BHLHLVBCXY,170627_D00222_0512_AHLFG5BCXY,170724_D00222_0513_AHLFG2BCXY,170803_D00341_0538_AHL3L3BCXY,170809_D00341_0539_AHMWYNBCXY,170818_D00222_0516_AHMYKVBCXY,170908_D00341_0543_BHVFNJBCXY,170915_D00222_0519_AHVCHJBCXY,170928_D00222_0524_AHYGMNBCXY,171004_D00341_0546_AHYGHJBCXY,171011_D00341_0549_BHYGMMBCXY,171020_D00222_0528_BHYFC2BCXY,171114_D00341_0562_AH2GGNBCX2,171226_D00341_0577_AH5GKMBCX2,171228_D00341_0578_BH5GM2BCX2
2018/03/30 12:07:16,460 root INFO 160831_D00341_0485_AHMWCYBCXX,160908_D00222_0464_AHVM3HBCXX,160914_D00222_0465_BHVLWCBCXX,160919_D00222_0466_AHVK7FBCXX,160922_D00341_0489_AHVNV5BCXX,160930_D00341_0491_AHVM2GBCXX,161005_D00222_0467_AHVJJMBCXX,161013_D00341_0494_AHVJJCBCXX,161017_D00222_0470_AHVLNLBCXX,161021_D00341_0497_AHVLWFBCXX,161031_D00222_0472_BH3LCCBCXY,161031_D00341_0499_AHVJJYBCXX,161104_D00341_0502_AH3GM2BCXY,161110_D00341_0503_AH3N3TBCXY,161208_D00222_0481_AH3FGVBCXY,161214_D00341_0506_AH7KNCBCXY,161228_D00222_0486_AH7KYHBCXY,170105_D00222_0487_AH7LFTBCXY,170105_D00341_0512_AH7LYGBCXY,170117_D00341_0513_AHFG5NBCXY,170120_D00222_0489_BHFFTWBCXY,170127_D00341_0514_AHFG37BCXY,170127_D00341_0515_BHFFYVBCXY,170206_D00341_0516_AHFG72BCXY,170209_D00341_0517_BHC5WYBCXY,170213_D00222_0492_AHC3M5BCXY,170221_D00341_0518_AHG3TWBCXY,170227_D00222_0497_AHG3V2BCXY,170301_D00222_0498_BHG72GBCXY,170303_D00341_0520_AHG5HFBCXY,170309_D00341_0521_BHG5FNBCXY,170313_D00341_0522_AHG5YMBCXY,170317_D00222_0502_AHG37NBCXY,170324_D00341_0523_AHHJK7BCXY,170330_D00222_0504_AHG3W3BCXY,170407_D00341_0526_AHHH5FBCXY,170407_D00341_0527_BHHH5WBCXY,170412_D00341_0528_AHHH3GBCXY,170419_D00341_0529_AHKJ7NBCXY,170426_D00341_0530_AHKHN5BCXY,170510_D00222_0507_AHKFGTBCXY,170518_D00341_0532_AHKHMWBCXY,170608_D00341_0534_BHJHY3BCXY,170612_D00222_0509_AHLCCNBCXY,170615_D00222_0510_BHLHLVBCXY,170627_D00222_0512_AHLFG5BCXY,170724_D00222_0513_AHLFG2BCXY,170803_D00341_0538_AHL3L3BCXY,170809_D00341_0539_AHMWYNBCXY,170818_D00222_0516_AHMYKVBCXY,170908_D00341_0543_BHVFNJBCXY,170915_D00222_0519_AHVCHJBCXY,170928_D00222_0524_AHYGMNBCXY,171004_D00341_0546_AHYGHJBCXY,171011_D00341_0549_BHYGMMBCXY,171020_D00222_0528_BHYFC2BCXY,171114_D00341_0562_AH2GGNBCX2,171226_D00341_0577_AH5GKMBCX2,171228_D00341_0578_BH5GM2BCX2
2018/04/02 11:56:55,207 root INFO 170301_D00222_0498_BHG72GBCXY
2018/04/02 11:59:07,238 root INFO 170303_D00341_0520_AHG5HFBCXY
2018/04/02 12:02:52,59 root INFO 170303_D00341_0520_AHG5HFBCXY
2018/04/02 12:04:49,244 root INFO 170303_D00341_0520_AHG5HFBCXY
2018/04/02 12:06:40,627 root INFO 170303_D00341_0520_AHG5HFBCXY
2018/04/02 12:07:04,691 root INFO 170303_D00341_0520_AHG5HFBCXY
2018/04/02 12:12:43,105 root INFO 170303_D00341_0520_AHG5HFBCXY
2018/04/02 12:14:23,876 root INFO 170303_D00341_0520_AHG5HFBCXY
2018/04/02 16:47:54,877 root INFO 
2018/04/02 16:49:31,730 root INFO 170206_D00341_0516_AHFG72BCXY
2018/04/02 16:49:50,559 root INFO 170206_D00341_0516_AHFG72BCXY
2018/04/02 16:53:21,217 root INFO 170206_D00341_0516_AHFG72BCXY
2018/04/02 16:54:30,892 root INFO 170206_D00341_0516_AHFG72BCXY
2018/04/02 16:55:53,802 root INFO 170206_D00341_0516_AHFG72BCXY
2018/04/02 17:04:05,728 root INFO 170206_D00341_0516_AHFG72BCXY
2018/04/02 17:08:13,305 root INFO 160831_D00341_0485_AHMWCYBCXX,160908_D00222_0464_AHVM3HBCXX,160914_D00222_0465_BHVLWCBCXX,160919_D00222_0466_AHVK7FBCXX,160922_D00341_0489_AHVNV5BCXX,160930_D00341_0491_AHVM2GBCXX,161005_D00222_0467_AHVJJMBCXX,161013_D00341_0494_AHVJJCBCXX,161017_D00222_0470_AHVLNLBCXX,161021_D00341_0497_AHVLWFBCXX,161031_D00222_0472_BH3LCCBCXY,161031_D00341_0499_AHVJJYBCXX,161104_D00341_0502_AH3GM2BCXY,161110_D00341_0503_AH3N3TBCXY,161208_D00222_0481_AH3FGVBCXY,161214_D00341_0506_AH7KNCBCXY,161228_D00222_0486_AH7KYHBCXY,170105_D00222_0487_AH7LFTBCXY,170105_D00341_0512_AH7LYGBCXY,170117_D00341_0513_AHFG5NBCXY,170120_D00222_0489_BHFFTWBCXY,170127_D00341_0514_AHFG37BCXY,170127_D00341_0515_BHFFYVBCXY,170206_D00341_0516_AHFG72BCXY,170209_D00341_0517_BHC5WYBCXY,170213_D00222_0492_AHC3M5BCXY,170221_D00341_0518_AHG3TWBCXY,170227_D00222_0497_AHG3V2BCXY,170301_D00222_0498_BHG72GBCXY,170303_D00341_0520_AHG5HFBCXY,170309_D00341_0521_BHG5FNBCXY,170313_D00341_0522_AHG5YMBCXY,170317_D00222_0502_AHG37NBCXY,170324_D00341_0523_AHHJK7BCXY,170330_D00222_0504_AHG3W3BCXY,170407_D00341_0526_AHHH5FBCXY,170407_D00341_0527_BHHH5WBCXY,170412_D00341_0528_AHHH3GBCXY,170419_D00341_0529_AHKJ7NBCXY,170426_D00341_0530_AHKHN5BCXY,170510_D00222_0507_AHKFGTBCXY,170518_D00341_0532_AHKHMWBCXY,170608_D00341_0534_BHJHY3BCXY,170612_D00222_0509_AHLCCNBCXY,170615_D00222_0510_BHLHLVBCXY,170627_D00222_0512_AHLFG5BCXY,170724_D00222_0513_AHLFG2BCXY,170803_D00341_0538_AHL3L3BCXY,170809_D00341_0539_AHMWYNBCXY,170818_D00222_0516_AHMYKVBCXY,170908_D00341_0543_BHVFNJBCXY,170915_D00222_0519_AHVCHJBCXY,170928_D00222_0524_AHYGMNBCXY,171004_D00341_0546_AHYGHJBCXY,171011_D00341_0549_BHYGMMBCXY,171020_D00222_0528_BHYFC2BCXY,171114_D00341_0562_AH2GGNBCX2,171226_D00341_0577_AH5GKMBCX2,171228_D00341_0578_BH5GM2BCX2
2018/04/03 13:21:37,62 root INFO 170809_D00341_0539_AHMWYNBCXY
2018/04/03 13:30:53,534 root INFO 170809_D00341_0539_AHMWYNBCXY
2018/04/03 13:33:24,843 root INFO 171020_D00222_0528_BHYFC2BCXY
2018/04/03 13:34:38,321 root INFO 
2018/04/03 13:48:16,922 root INFO 
2018/04/03 13:52:35,218 root INFO 
2018/04/03 13:53:31,149 root INFO 
2018/04/03 13:54:33,666 root INFO 171020_D00222_0528_BHYFC2BCXY
2018/04/03 13:59:57,432 root INFO 160831_D00341_0485_AHMWCYBCXX,160908_D00222_0464_AHVM3HBCXX,160914_D00222_0465_BHVLWCBCXX,160919_D00222_0466_AHVK7FBCXX,160922_D00341_0489_AHVNV5BCXX,160930_D00341_0491_AHVM2GBCXX,161005_D00222_0467_AHVJJMBCXX,161013_D00341_0494_AHVJJCBCXX,161017_D00222_0470_AHVLNLBCXX,161021_D00341_0497_AHVLWFBCXX,161031_D00222_0472_BH3LCCBCXY,161031_D00341_0499_AHVJJYBCXX,161104_D00341_0502_AH3GM2BCXY,161110_D00341_0503_AH3N3TBCXY,161208_D00222_0481_AH3FGVBCXY,161214_D00341_0506_AH7KNCBCXY,161228_D00222_0486_AH7KYHBCXY,170105_D00222_0487_AH7LFTBCXY,170105_D00341_0512_AH7LYGBCXY,170117_D00341_0513_AHFG5NBCXY,170120_D00222_0489_BHFFTWBCXY,170127_D00341_0514_AHFG37BCXY,170127_D00341_0515_BHFFYVBCXY,170206_D00341_0516_AHFG72BCXY,170209_D00341_0517_BHC5WYBCXY,170213_D00222_0492_AHC3M5BCXY,170221_D00341_0518_AHG3TWBCXY,170227_D00222_0497_AHG3V2BCXY,170301_D00222_0498_BHG72GBCXY,170303_D00341_0520_AHG5HFBCXY,170309_D00341_0521_BHG5FNBCXY,170313_D00341_0522_AHG5YMBCXY,170317_D00222_0502_AHG37NBCXY,170324_D00341_0523_AHHJK7BCXY,170330_D00222_0504_AHG3W3BCXY,170407_D00341_0526_AHHH5FBCXY,170407_D00341_0527_BHHH5WBCXY,170412_D00341_0528_AHHH3GBCXY,170419_D00341_0529_AHKJ7NBCXY,170426_D00341_0530_AHKHN5BCXY,170510_D00222_0507_AHKFGTBCXY,170518_D00341_0532_AHKHMWBCXY,170608_D00341_0534_BHJHY3BCXY,170612_D00222_0509_AHLCCNBCXY,170615_D00222_0510_BHLHLVBCXY,170627_D00222_0512_AHLFG5BCXY,170724_D00222_0513_AHLFG2BCXY,170803_D00341_0538_AHL3L3BCXY,170809_D00341_0539_AHMWYNBCXY,170818_D00222_0516_AHMYKVBCXY,170908_D00341_0543_BHVFNJBCXY,170915_D00222_0519_AHVCHJBCXY,170928_D00222_0524_AHYGMNBCXY,171004_D00341_0546_AHYGHJBCXY,171011_D00341_0549_BHYGMMBCXY,171020_D00222_0528_BHYFC2BCXY,171114_D00341_0562_AH2GGNBCX2,171226_D00341_0577_AH5GKMBCX2,171228_D00341_0578_BH5GM2BCX2
2018/04/03 15:28:48,779 root INFO 171228_D00341_0578_BH5GM2BCX2
2018/04/03 15:31:03,297 root INFO 171228_D00341_0578_BH5GM2BCX2
2018/04/03 15:31:47,954 root INFO 171228_D00341_0578_BH5GM2BCX2
2018/04/03 15:33:54,759 root INFO 171228_D00341_0578_BH5GM2BCX2
2018/04/03 15:35:00,921 root INFO 171228_D00341_0578_BH5GM2BCX2
2018/04/03 15:37:01,394 root INFO 171228_D00341_0578_BH5GM2BCX2
2018/04/03 15:38:48,202 root INFO 171228_D00341_0578_BH5GM2BCX2
2018/04/04 10:10:11,753 root INFO 
2018/04/04 10:12:44,664 root INFO 171228_D00341_0578_BH5GM2BCX2
2018/04/04 10:15:33,851 root INFO 171228_D00341_0578_BH5GM2BCX2
2018/04/04 10:16:09,21 root INFO 171228_D00341_0578_BH5GM2BCX2
2018/04/04 10:17:01,917 root INFO 171228_D00341_0578_BH5GM2BCX2
2018/04/04 10:17:45,165 root INFO 171228_D00341_0578_BH5GM2BCX2
2018/04/04 13:21:29,734 root INFO 171228_D00341_0578_BH5GM2BCX2
2018/04/04 13:49:26,592 root INFO 171228_D00341_0578_BH5GM2BCX2
2018/04/04 14:14:11,677 root INFO 171228_D00341_0578_BH5GM2BCX2
2018/04/04 14:14:43,61 root INFO 171228_D00341_0578_BH5GM2BCX2
2018/04/04 14:20:24,856 root INFO 171228_D00341_0578_BH5GM2BCX2
2018/04/04 14:26:32,967 root INFO 171228_D00341_0578_BH5GM2BCX2
2018/04/04 14:27:53,810 root INFO 171228_D00341_0578_BH5GM2BCX2
2018/04/04 14:28:34,758 root INFO 171228_D00341_0578_BH5GM2BCX2
2018/04/04 14:29:41,320 root INFO 171228_D00341_0578_BH5GM2BCX2
2018/04/04 14:30:00,121 root INFO 171228_D00341_0578_BH5GM2BCX2
2018/04/04 14:30:40,505 root INFO 171228_D00341_0578_BH5GM2BCX2
2018/04/04 14:30:59,324 root INFO 171228_D00341_0578_BH5GM2BCX2
2018/04/04 14:31:51,281 root INFO 171228_D00341_0578_BH5GM2BCX2
2018/04/04 14:32:08,38 root INFO 171228_D00341_0578_BH5GM2BCX2
2018/04/04 14:35:09,708 root INFO 171228_D00341_0578_BH5GM2BCX2
2018/04/04 15:02:44,704 root INFO 171228_D00341_0578_BH5GM2BCX2
2018/04/04 15:14:27,93 root INFO 171228_D00341_0578_BH5GM2BCX2
2018/04/04 15:36:34,503 root INFO 171228_D00341_0578_BH5GM2BCX2
2018/04/04 15:41:22,973 root INFO 171228_D00341_0578_BH5GM2BCX2
2018/04/04 15:41:45,366 root INFO 171228_D00341_0578_BH5GM2BCX2
2018/04/04 15:42:25,889 root INFO 171228_D00341_0578_BH5GM2BCX2
2018/04/04 15:42:53,374 root INFO 171228_D00341_0578_BH5GM2BCX2
2018/04/04 15:43:27,378 root INFO 171228_D00341_0578_BH5GM2BCX2
2018/04/04 15:43:54,672 root INFO 171228_D00341_0578_BH5GM2BCX2
2018/04/04 15:45:36,664 root INFO 171228_D00341_0578_BH5GM2BCX2
2018/04/04 15:46:30,893 root INFO 171228_D00341_0578_BH5GM2BCX2
2018/04/04 15:49:26,111 root INFO 171228_D00341_0578_BH5GM2BCX2
2018/04/04 15:50:24,615 root INFO 171228_D00341_0578_BH5GM2BCX2
2018/04/04 15:51:05,643 root INFO 171228_D00341_0578_BH5GM2BCX2
2018/04/04 16:28:33,579 root INFO 171228_D00341_0578_BH5GM2BCX2
2018/04/05 16:11:37,507 root INFO 
2018/04/05 16:14:39,400 root INFO 
2018/04/05 16:18:24,957 root INFO 
2018/04/05 16:23:52,966 root INFO 160831_D00341_0485_AHMWCYBCXX,160908_D00222_0464_AHVM3HBCXX,160914_D00222_0465_BHVLWCBCXX,160919_D00222_0466_AHVK7FBCXX,160922_D00341_0489_AHVNV5BCXX,160930_D00341_0491_AHVM2GBCXX,161005_D00222_0467_AHVJJMBCXX,161013_D00341_0494_AHVJJCBCXX,161017_D00222_0470_AHVLNLBCXX,161021_D00341_0497_AHVLWFBCXX,161031_D00222_0472_BH3LCCBCXY,161031_D00341_0499_AHVJJYBCXX,161104_D00341_0502_AH3GM2BCXY,161110_D00341_0503_AH3N3TBCXY,161208_D00222_0481_AH3FGVBCXY,161214_D00341_0506_AH7KNCBCXY,161228_D00222_0486_AH7KYHBCXY,170105_D00222_0487_AH7LFTBCXY,170105_D00341_0512_AH7LYGBCXY,170117_D00341_0513_AHFG5NBCXY,170120_D00222_0489_BHFFTWBCXY,170127_D00341_0514_AHFG37BCXY,170127_D00341_0515_BHFFYVBCXY,170206_D00341_0516_AHFG72BCXY,170209_D00341_0517_BHC5WYBCXY,170213_D00222_0492_AHC3M5BCXY,170221_D00341_0518_AHG3TWBCXY,170227_D00222_0497_AHG3V2BCXY,170301_D00222_0498_BHG72GBCXY,170303_D00341_0520_AHG5HFBCXY,170309_D00341_0521_BHG5FNBCXY,170313_D00341_0522_AHG5YMBCXY,170317_D00222_0502_AHG37NBCXY,170324_D00341_0523_AHHJK7BCXY,170330_D00222_0504_AHG3W3BCXY,170407_D00341_0526_AHHH5FBCXY,170407_D00341_0527_BHHH5WBCXY,170412_D00341_0528_AHHH3GBCXY,170419_D00341_0529_AHKJ7NBCXY,170426_D00341_0530_AHKHN5BCXY,170510_D00222_0507_AHKFGTBCXY,170518_D00341_0532_AHKHMWBCXY,170608_D00341_0534_BHJHY3BCXY,170612_D00222_0509_AHLCCNBCXY,170615_D00222_0510_BHLHLVBCXY,170627_D00222_0512_AHLFG5BCXY,170724_D00222_0513_AHLFG2BCXY,170803_D00341_0538_AHL3L3BCXY,170809_D00341_0539_AHMWYNBCXY,170818_D00222_0516_AHMYKVBCXY,170908_D00341_0543_BHVFNJBCXY,170915_D00222_0519_AHVCHJBCXY,170928_D00222_0524_AHYGMNBCXY,171004_D00341_0546_AHYGHJBCXY,171011_D00341_0549_BHYGMMBCXY,171020_D00222_0528_BHYFC2BCXY,171114_D00341_0562_AH2GGNBCX2,171226_D00341_0577_AH5GKMBCX2,171228_D00341_0578_BH5GM2BCX2
2018/04/05 17:03:28,110 root INFO 171228_D00341_0578_BH5GM2BCX2
2018/04/05 17:17:44,5 root INFO 171228_D00341_0578_BH5GM2BCX2
2018/04/05 17:18:51,126 root INFO 170803_D00341_0538_AHL3L3BCXY
2018/04/05 17:22:08,336 root INFO 170803_D00341_0538_AHL3L3BCXY
2018/04/05 17:24:15,787 root INFO 170803_D00341_0538_AHL3L3BCXY
2018/04/05 17:25:05,413 root INFO 170803_D00341_0538_AHL3L3BCXY
2018/04/05 17:25:52,162 root INFO 170803_D00341_0538_AHL3L3BCXY
2018/04/05 17:28:11,858 root INFO 170803_D00341_0538_AHL3L3BCXY
2018/04/06 11:59:54,306 root INFO 170803_D00341_0538_AHL3L3BCXY
2018/04/06 12:03:37,762 root INFO 160831_D00341_0485_AHMWCYBCXX
2018/04/06 12:08:51,69 root INFO 
2018/04/06 12:10:27,105 root INFO 171020_D00222_0528_BHYFC2BCXY,171114_D00341_0562_AH2GGNBCX2,171226_D00341_0577_AH5GKMBCX2,171228_D00341_0578_BH5GM2BCX2
2018/04/06 14:29:04,271 root INFO 171020_D00222_0528_BHYFC2BCXY
2018/04/06 14:30:09,460 root INFO 171020_D00222_0528_BHYFC2BCXY
2018/04/06 14:31:17,771 root INFO 171020_D00222_0528_BHYFC2BCXY
2018/04/06 14:35:28,980 root INFO 171020_D00222_0528_BHYFC2BCXY
2018/04/06 14:38:03,792 root INFO 171020_D00222_0528_BHYFC2BCXY
2018/04/06 14:40:10,274 root INFO 171020_D00222_0528_BHYFC2BCXY
2018/04/06 14:43:12,57 root INFO 171020_D00222_0528_BHYFC2BCXY
2018/04/06 14:49:13,153 root INFO 171020_D00222_0528_BHYFC2BCXY
2018/04/06 14:50:12,799 root INFO 171020_D00222_0528_BHYFC2BCXY
2018/04/06 14:51:46,242 root INFO 171020_D00222_0528_BHYFC2BCXY
2018/04/06 14:57:29,624 root INFO 171020_D00222_0528_BHYFC2BCXY
2018/04/06 14:59:49,247 root INFO 160831_D00341_0485_AHMWCYBCXX,160908_D00222_0464_AHVM3HBCXX,160914_D00222_0465_BHVLWCBCXX,160919_D00222_0466_AHVK7FBCXX,160922_D00341_0489_AHVNV5BCXX,160930_D00341_0491_AHVM2GBCXX,161005_D00222_0467_AHVJJMBCXX,161013_D00341_0494_AHVJJCBCXX,161017_D00222_0470_AHVLNLBCXX,161021_D00341_0497_AHVLWFBCXX,161031_D00222_0472_BH3LCCBCXY,161031_D00341_0499_AHVJJYBCXX,161104_D00341_0502_AH3GM2BCXY,161110_D00341_0503_AH3N3TBCXY,161208_D00222_0481_AH3FGVBCXY,161214_D00341_0506_AH7KNCBCXY,161228_D00222_0486_AH7KYHBCXY,170105_D00222_0487_AH7LFTBCXY,170105_D00341_0512_AH7LYGBCXY,170117_D00341_0513_AHFG5NBCXY,170120_D00222_0489_BHFFTWBCXY,170127_D00341_0514_AHFG37BCXY,170127_D00341_0515_BHFFYVBCXY,170206_D00341_0516_AHFG72BCXY,170209_D00341_0517_BHC5WYBCXY,170213_D00222_0492_AHC3M5BCXY,170221_D00341_0518_AHG3TWBCXY,170227_D00222_0497_AHG3V2BCXY,170301_D00222_0498_BHG72GBCXY,170303_D00341_0520_AHG5HFBCXY,170309_D00341_0521_BHG5FNBCXY,170313_D00341_0522_AHG5YMBCXY,170317_D00222_0502_AHG37NBCXY,170324_D00341_0523_AHHJK7BCXY,170330_D00222_0504_AHG3W3BCXY,170407_D00341_0526_AHHH5FBCXY,170407_D00341_0527_BHHH5WBCXY,170412_D00341_0528_AHHH3GBCXY,170419_D00341_0529_AHKJ7NBCXY,170426_D00341_0530_AHKHN5BCXY,170510_D00222_0507_AHKFGTBCXY,170518_D00341_0532_AHKHMWBCXY,170608_D00341_0534_BHJHY3BCXY,170612_D00222_0509_AHLCCNBCXY,170615_D00222_0510_BHLHLVBCXY,170627_D00222_0512_AHLFG5BCXY,170724_D00222_0513_AHLFG2BCXY,170803_D00341_0538_AHL3L3BCXY,170809_D00341_0539_AHMWYNBCXY,170818_D00222_0516_AHMYKVBCXY,170908_D00341_0543_BHVFNJBCXY,170915_D00222_0519_AHVCHJBCXY,170928_D00222_0524_AHYGMNBCXY,171004_D00341_0546_AHYGHJBCXY,171011_D00341_0549_BHYGMMBCXY,171020_D00222_0528_BHYFC2BCXY,171114_D00341_0562_AH2GGNBCX2,171226_D00341_0577_AH5GKMBCX2,171228_D00341_0578_BH5GM2BCX2
2018/04/06 15:03:29,578 root INFO 
2018/04/06 15:04:35,299 root INFO 
2018/04/06 15:04:59,359 root INFO 170803_D00341_0538_AHL3L3BCXY
2018/04/06 15:07:04,340 root INFO 170803_D00341_0538_AHL3L3BCXY
2018/04/06 15:07:45,429 root INFO 170803_D00341_0538_AHL3L3BCXY
2018/04/06 15:09:52,347 root INFO 170803_D00341_0538_AHL3L3BCXY
2018/04/06 15:10:31,422 root INFO 170803_D00341_0538_AHL3L3BCXY
2018/04/06 15:12:12,382 root INFO 170803_D00341_0538_AHL3L3BCXY
2018/04/06 15:13:19,732 root INFO 170803_D00341_0538_AHL3L3BCXY
2018/04/06 15:16:16,867 root INFO 160831_D00341_0485_AHMWCYBCXX,160908_D00222_0464_AHVM3HBCXX,160914_D00222_0465_BHVLWCBCXX,160919_D00222_0466_AHVK7FBCXX,160922_D00341_0489_AHVNV5BCXX,160930_D00341_0491_AHVM2GBCXX,161005_D00222_0467_AHVJJMBCXX,161013_D00341_0494_AHVJJCBCXX,161017_D00222_0470_AHVLNLBCXX,161021_D00341_0497_AHVLWFBCXX,161031_D00222_0472_BH3LCCBCXY,161031_D00341_0499_AHVJJYBCXX,161104_D00341_0502_AH3GM2BCXY,161110_D00341_0503_AH3N3TBCXY,161208_D00222_0481_AH3FGVBCXY,161214_D00341_0506_AH7KNCBCXY,161228_D00222_0486_AH7KYHBCXY,170105_D00222_0487_AH7LFTBCXY,170105_D00341_0512_AH7LYGBCXY,170117_D00341_0513_AHFG5NBCXY,170120_D00222_0489_BHFFTWBCXY,170127_D00341_0514_AHFG37BCXY,170127_D00341_0515_BHFFYVBCXY,170206_D00341_0516_AHFG72BCXY,170209_D00341_0517_BHC5WYBCXY,170213_D00222_0492_AHC3M5BCXY,170221_D00341_0518_AHG3TWBCXY,170227_D00222_0497_AHG3V2BCXY,170301_D00222_0498_BHG72GBCXY,170303_D00341_0520_AHG5HFBCXY,170309_D00341_0521_BHG5FNBCXY,170313_D00341_0522_AHG5YMBCXY,170317_D00222_0502_AHG37NBCXY,170324_D00341_0523_AHHJK7BCXY,170330_D00222_0504_AHG3W3BCXY,170407_D00341_0526_AHHH5FBCXY,170407_D00341_0527_BHHH5WBCXY,170412_D00341_0528_AHHH3GBCXY,170419_D00341_0529_AHKJ7NBCXY,170426_D00341_0530_AHKHN5BCXY,170510_D00222_0507_AHKFGTBCXY,170518_D00341_0532_AHKHMWBCXY,170608_D00341_0534_BHJHY3BCXY,170612_D00222_0509_AHLCCNBCXY,170615_D00222_0510_BHLHLVBCXY,170627_D00222_0512_AHLFG5BCXY,170724_D00222_0513_AHLFG2BCXY,170803_D00341_0538_AHL3L3BCXY,170809_D00341_0539_AHMWYNBCXY,170818_D00222_0516_AHMYKVBCXY,170908_D00341_0543_BHVFNJBCXY,170915_D00222_0519_AHVCHJBCXY,170928_D00222_0524_AHYGMNBCXY,171004_D00341_0546_AHYGHJBCXY,171011_D00341_0549_BHYGMMBCXY,171020_D00222_0528_BHYFC2BCXY,171114_D00341_0562_AH2GGNBCX2,171226_D00341_0577_AH5GKMBCX2,171228_D00341_0578_BH5GM2BCX2
2018/04/06 15:17:46,696 root INFO 171011_D00341_0549_BHYGMMBCXY
2018/04/06 15:20:43,478 root INFO 160831_D00341_0485_AHMWCYBCXX,160908_D00222_0464_AHVM3HBCXX,160914_D00222_0465_BHVLWCBCXX,160919_D00222_0466_AHVK7FBCXX,160922_D00341_0489_AHVNV5BCXX,160930_D00341_0491_AHVM2GBCXX,161005_D00222_0467_AHVJJMBCXX,161013_D00341_0494_AHVJJCBCXX,161017_D00222_0470_AHVLNLBCXX,161021_D00341_0497_AHVLWFBCXX,161031_D00222_0472_BH3LCCBCXY,161031_D00341_0499_AHVJJYBCXX,161104_D00341_0502_AH3GM2BCXY,161110_D00341_0503_AH3N3TBCXY,161208_D00222_0481_AH3FGVBCXY,161214_D00341_0506_AH7KNCBCXY,161228_D00222_0486_AH7KYHBCXY,170105_D00222_0487_AH7LFTBCXY,170105_D00341_0512_AH7LYGBCXY,170117_D00341_0513_AHFG5NBCXY,170120_D00222_0489_BHFFTWBCXY,170127_D00341_0514_AHFG37BCXY,170127_D00341_0515_BHFFYVBCXY,170206_D00341_0516_AHFG72BCXY,170209_D00341_0517_BHC5WYBCXY,170213_D00222_0492_AHC3M5BCXY,170221_D00341_0518_AHG3TWBCXY,170227_D00222_0497_AHG3V2BCXY,170301_D00222_0498_BHG72GBCXY,170303_D00341_0520_AHG5HFBCXY,170309_D00341_0521_BHG5FNBCXY,170313_D00341_0522_AHG5YMBCXY,170317_D00222_0502_AHG37NBCXY,170324_D00341_0523_AHHJK7BCXY,170330_D00222_0504_AHG3W3BCXY,170407_D00341_0526_AHHH5FBCXY,170407_D00341_0527_BHHH5WBCXY,170412_D00341_0528_AHHH3GBCXY,170419_D00341_0529_AHKJ7NBCXY,170426_D00341_0530_AHKHN5BCXY,170510_D00222_0507_AHKFGTBCXY,170518_D00341_0532_AHKHMWBCXY,170608_D00341_0534_BHJHY3BCXY,170612_D00222_0509_AHLCCNBCXY,170615_D00222_0510_BHLHLVBCXY,170627_D00222_0512_AHLFG5BCXY,170724_D00222_0513_AHLFG2BCXY,170803_D00341_0538_AHL3L3BCXY,170809_D00341_0539_AHMWYNBCXY,170818_D00222_0516_AHMYKVBCXY,170908_D00341_0543_BHVFNJBCXY,170915_D00222_0519_AHVCHJBCXY,170928_D00222_0524_AHYGMNBCXY,171004_D00341_0546_AHYGHJBCXY,171011_D00341_0549_BHYGMMBCXY,171020_D00222_0528_BHYFC2BCXY,171114_D00341_0562_AH2GGNBCX2,171226_D00341_0577_AH5GKMBCX2,171228_D00341_0578_BH5GM2BCX2
2018/04/06 17:10:47,863 root INFO 160831_D00341_0485_AHMWCYBCXX,160908_D00222_0464_AHVM3HBCXX,160914_D00222_0465_BHVLWCBCXX,160919_D00222_0466_AHVK7FBCXX,160922_D00341_0489_AHVNV5BCXX,160930_D00341_0491_AHVM2GBCXX,161005_D00222_0467_AHVJJMBCXX,161013_D00341_0494_AHVJJCBCXX,161017_D00222_0470_AHVLNLBCXX,161021_D00341_0497_AHVLWFBCXX,161031_D00222_0472_BH3LCCBCXY,161031_D00341_0499_AHVJJYBCXX,161104_D00341_0502_AH3GM2BCXY,161110_D00341_0503_AH3N3TBCXY,161208_D00222_0481_AH3FGVBCXY,161214_D00341_0506_AH7KNCBCXY,161228_D00222_0486_AH7KYHBCXY,170105_D00222_0487_AH7LFTBCXY,170105_D00341_0512_AH7LYGBCXY,170117_D00341_0513_AHFG5NBCXY,170120_D00222_0489_BHFFTWBCXY,170127_D00341_0514_AHFG37BCXY,170127_D00341_0515_BHFFYVBCXY,170206_D00341_0516_AHFG72BCXY,170209_D00341_0517_BHC5WYBCXY,170213_D00222_0492_AHC3M5BCXY,170221_D00341_0518_AHG3TWBCXY,170227_D00222_0497_AHG3V2BCXY,170301_D00222_0498_BHG72GBCXY,170303_D00341_0520_AHG5HFBCXY,170309_D00341_0521_BHG5FNBCXY,170313_D00341_0522_AHG5YMBCXY,170317_D00222_0502_AHG37NBCXY,170324_D00341_0523_AHHJK7BCXY,170330_D00222_0504_AHG3W3BCXY,170407_D00341_0526_AHHH5FBCXY,170407_D00341_0527_BHHH5WBCXY,170412_D00341_0528_AHHH3GBCXY,170419_D00341_0529_AHKJ7NBCXY,170426_D00341_0530_AHKHN5BCXY,170510_D00222_0507_AHKFGTBCXY,170518_D00341_0532_AHKHMWBCXY,170608_D00341_0534_BHJHY3BCXY,170612_D00222_0509_AHLCCNBCXY,170615_D00222_0510_BHLHLVBCXY,170627_D00222_0512_AHLFG5BCXY,170724_D00222_0513_AHLFG2BCXY,170803_D00341_0538_AHL3L3BCXY,170809_D00341_0539_AHMWYNBCXY,170818_D00222_0516_AHMYKVBCXY,170908_D00341_0543_BHVFNJBCXY,170915_D00222_0519_AHVCHJBCXY,170928_D00222_0524_AHYGMNBCXY,171004_D00341_0546_AHYGHJBCXY,171011_D00341_0549_BHYGMMBCXY,171020_D00222_0528_BHYFC2BCXY,171114_D00341_0562_AH2GGNBCX2,171226_D00341_0577_AH5GKMBCX2,171228_D00341_0578_BH5GM2BCX2
2018/04/06 17:20:23,679 root INFO 160831_D00341_0485_AHMWCYBCXX,160908_D00222_0464_AHVM3HBCXX,160914_D00222_0465_BHVLWCBCXX,160919_D00222_0466_AHVK7FBCXX,160922_D00341_0489_AHVNV5BCXX,160930_D00341_0491_AHVM2GBCXX,161005_D00222_0467_AHVJJMBCXX,161013_D00341_0494_AHVJJCBCXX,161017_D00222_0470_AHVLNLBCXX,161021_D00341_0497_AHVLWFBCXX,161031_D00222_0472_BH3LCCBCXY,161031_D00341_0499_AHVJJYBCXX,161104_D00341_0502_AH3GM2BCXY,161110_D00341_0503_AH3N3TBCXY,161208_D00222_0481_AH3FGVBCXY,161214_D00341_0506_AH7KNCBCXY,161228_D00222_0486_AH7KYHBCXY,170105_D00222_0487_AH7LFTBCXY,170105_D00341_0512_AH7LYGBCXY,170117_D00341_0513_AHFG5NBCXY,170120_D00222_0489_BHFFTWBCXY,170127_D00341_0514_AHFG37BCXY,170127_D00341_0515_BHFFYVBCXY,170206_D00341_0516_AHFG72BCXY,170209_D00341_0517_BHC5WYBCXY,170213_D00222_0492_AHC3M5BCXY,170221_D00341_0518_AHG3TWBCXY,170227_D00222_0497_AHG3V2BCXY,170301_D00222_0498_BHG72GBCXY,170303_D00341_0520_AHG5HFBCXY,170309_D00341_0521_BHG5FNBCXY,170313_D00341_0522_AHG5YMBCXY,170317_D00222_0502_AHG37NBCXY,170324_D00341_0523_AHHJK7BCXY,170330_D00222_0504_AHG3W3BCXY,170407_D00341_0526_AHHH5FBCXY,170407_D00341_0527_BHHH5WBCXY,170412_D00341_0528_AHHH3GBCXY,170419_D00341_0529_AHKJ7NBCXY,170426_D00341_0530_AHKHN5BCXY,170510_D00222_0507_AHKFGTBCXY,170518_D00341_0532_AHKHMWBCXY,170608_D00341_0534_BHJHY3BCXY,170612_D00222_0509_AHLCCNBCXY,170615_D00222_0510_BHLHLVBCXY,170627_D00222_0512_AHLFG5BCXY,170724_D00222_0513_AHLFG2BCXY,170803_D00341_0538_AHL3L3BCXY,170809_D00341_0539_AHMWYNBCXY,170818_D00222_0516_AHMYKVBCXY,170908_D00341_0543_BHVFNJBCXY,170915_D00222_0519_AHVCHJBCXY,170928_D00222_0524_AHYGMNBCXY,171004_D00341_0546_AHYGHJBCXY,171011_D00341_0549_BHYGMMBCXY,171020_D00222_0528_BHYFC2BCXY,171114_D00341_0562_AH2GGNBCX2,171226_D00341_0577_AH5GKMBCX2,171228_D00341_0578_BH5GM2BCX2
2018/04/09 11:32:52,385 root INFO 170809_D00341_0539_AHMWYNBCXY
2018/04/09 11:41:41,743 root INFO 160831_D00341_0485_AHMWCYBCXX,160908_D00222_0464_AHVM3HBCXX,160914_D00222_0465_BHVLWCBCXX,160919_D00222_0466_AHVK7FBCXX,160922_D00341_0489_AHVNV5BCXX,160930_D00341_0491_AHVM2GBCXX,161005_D00222_0467_AHVJJMBCXX,161013_D00341_0494_AHVJJCBCXX,161017_D00222_0470_AHVLNLBCXX,161021_D00341_0497_AHVLWFBCXX,161031_D00222_0472_BH3LCCBCXY,161031_D00341_0499_AHVJJYBCXX,161104_D00341_0502_AH3GM2BCXY,161110_D00341_0503_AH3N3TBCXY,161208_D00222_0481_AH3FGVBCXY,161214_D00341_0506_AH7KNCBCXY,161228_D00222_0486_AH7KYHBCXY,170105_D00222_0487_AH7LFTBCXY,170105_D00341_0512_AH7LYGBCXY,170117_D00341_0513_AHFG5NBCXY,170120_D00222_0489_BHFFTWBCXY,170127_D00341_0514_AHFG37BCXY,170127_D00341_0515_BHFFYVBCXY,170206_D00341_0516_AHFG72BCXY,170209_D00341_0517_BHC5WYBCXY,170213_D00222_0492_AHC3M5BCXY,170221_D00341_0518_AHG3TWBCXY,170227_D00222_0497_AHG3V2BCXY,170301_D00222_0498_BHG72GBCXY,170303_D00341_0520_AHG5HFBCXY,170309_D00341_0521_BHG5FNBCXY,170313_D00341_0522_AHG5YMBCXY,170317_D00222_0502_AHG37NBCXY,170324_D00341_0523_AHHJK7BCXY,170330_D00222_0504_AHG3W3BCXY,170407_D00341_0526_AHHH5FBCXY,170407_D00341_0527_BHHH5WBCXY,170412_D00341_0528_AHHH3GBCXY,170419_D00341_0529_AHKJ7NBCXY,170426_D00341_0530_AHKHN5BCXY,170510_D00222_0507_AHKFGTBCXY,170518_D00341_0532_AHKHMWBCXY,170608_D00341_0534_BHJHY3BCXY,170612_D00222_0509_AHLCCNBCXY,170615_D00222_0510_BHLHLVBCXY,170627_D00222_0512_AHLFG5BCXY,170724_D00222_0513_AHLFG2BCXY,170803_D00341_0538_AHL3L3BCXY,170809_D00341_0539_AHMWYNBCXY,170818_D00222_0516_AHMYKVBCXY,170908_D00341_0543_BHVFNJBCXY,170915_D00222_0519_AHVCHJBCXY,170928_D00222_0524_AHYGMNBCXY,171004_D00341_0546_AHYGHJBCXY,171011_D00341_0549_BHYGMMBCXY,171020_D00222_0528_BHYFC2BCXY,171114_D00341_0562_AH2GGNBCX2,171226_D00341_0577_AH5GKMBCX2,171228_D00341_0578_BH5GM2BCX2
2018/04/09 11:44:25,247 root INFO 160831_D00341_0485_AHMWCYBCXX,160908_D00222_0464_AHVM3HBCXX,160914_D00222_0465_BHVLWCBCXX,160919_D00222_0466_AHVK7FBCXX,160922_D00341_0489_AHVNV5BCXX,160930_D00341_0491_AHVM2GBCXX,161005_D00222_0467_AHVJJMBCXX,161013_D00341_0494_AHVJJCBCXX,161017_D00222_0470_AHVLNLBCXX,161021_D00341_0497_AHVLWFBCXX,161031_D00222_0472_BH3LCCBCXY,161031_D00341_0499_AHVJJYBCXX,161104_D00341_0502_AH3GM2BCXY,161110_D00341_0503_AH3N3TBCXY,161208_D00222_0481_AH3FGVBCXY,161214_D00341_0506_AH7KNCBCXY,161228_D00222_0486_AH7KYHBCXY,170105_D00222_0487_AH7LFTBCXY,170105_D00341_0512_AH7LYGBCXY,170117_D00341_0513_AHFG5NBCXY,170120_D00222_0489_BHFFTWBCXY,170127_D00341_0514_AHFG37BCXY,170127_D00341_0515_BHFFYVBCXY,170206_D00341_0516_AHFG72BCXY,170209_D00341_0517_BHC5WYBCXY,170213_D00222_0492_AHC3M5BCXY,170221_D00341_0518_AHG3TWBCXY,170227_D00222_0497_AHG3V2BCXY,170301_D00222_0498_BHG72GBCXY,170303_D00341_0520_AHG5HFBCXY,170309_D00341_0521_BHG5FNBCXY,170313_D00341_0522_AHG5YMBCXY,170317_D00222_0502_AHG37NBCXY,170324_D00341_0523_AHHJK7BCXY,170330_D00222_0504_AHG3W3BCXY,170407_D00341_0526_AHHH5FBCXY,170407_D00341_0527_BHHH5WBCXY,170412_D00341_0528_AHHH3GBCXY,170419_D00341_0529_AHKJ7NBCXY,170426_D00341_0530_AHKHN5BCXY,170510_D00222_0507_AHKFGTBCXY,170518_D00341_0532_AHKHMWBCXY,170608_D00341_0534_BHJHY3BCXY,170612_D00222_0509_AHLCCNBCXY,170615_D00222_0510_BHLHLVBCXY,170627_D00222_0512_AHLFG5BCXY,170724_D00222_0513_AHLFG2BCXY,170803_D00341_0538_AHL3L3BCXY,170809_D00341_0539_AHMWYNBCXY,170818_D00222_0516_AHMYKVBCXY,170908_D00341_0543_BHVFNJBCXY,170915_D00222_0519_AHVCHJBCXY,170928_D00222_0524_AHYGMNBCXY,171004_D00341_0546_AHYGHJBCXY,171011_D00341_0549_BHYGMMBCXY,171020_D00222_0528_BHYFC2BCXY,171114_D00341_0562_AH2GGNBCX2,171226_D00341_0577_AH5GKMBCX2,171228_D00341_0578_BH5GM2BCX2
2018/04/09 13:41:48,204 root INFO 160831_D00341_0485_AHMWCYBCXX,160908_D00222_0464_AHVM3HBCXX,160914_D00222_0465_BHVLWCBCXX,160919_D00222_0466_AHVK7FBCXX,160922_D00341_0489_AHVNV5BCXX,160930_D00341_0491_AHVM2GBCXX,161005_D00222_0467_AHVJJMBCXX,161013_D00341_0494_AHVJJCBCXX,161017_D00222_0470_AHVLNLBCXX,161021_D00341_0497_AHVLWFBCXX,161031_D00222_0472_BH3LCCBCXY,161031_D00341_0499_AHVJJYBCXX,161104_D00341_0502_AH3GM2BCXY,161110_D00341_0503_AH3N3TBCXY,161208_D00222_0481_AH3FGVBCXY,161214_D00341_0506_AH7KNCBCXY,161228_D00222_0486_AH7KYHBCXY,170105_D00222_0487_AH7LFTBCXY,170105_D00341_0512_AH7LYGBCXY,170117_D00341_0513_AHFG5NBCXY,170120_D00222_0489_BHFFTWBCXY,170127_D00341_0514_AHFG37BCXY,170127_D00341_0515_BHFFYVBCXY,170206_D00341_0516_AHFG72BCXY,170209_D00341_0517_BHC5WYBCXY,170213_D00222_0492_AHC3M5BCXY,170221_D00341_0518_AHG3TWBCXY,170227_D00222_0497_AHG3V2BCXY,170301_D00222_0498_BHG72GBCXY,170303_D00341_0520_AHG5HFBCXY,170309_D00341_0521_BHG5FNBCXY,170313_D00341_0522_AHG5YMBCXY,170317_D00222_0502_AHG37NBCXY,170324_D00341_0523_AHHJK7BCXY,170330_D00222_0504_AHG3W3BCXY,170407_D00341_0526_AHHH5FBCXY,170407_D00341_0527_BHHH5WBCXY,170412_D00341_0528_AHHH3GBCXY,170419_D00341_0529_AHKJ7NBCXY,170426_D00341_0530_AHKHN5BCXY,170510_D00222_0507_AHKFGTBCXY,170518_D00341_0532_AHKHMWBCXY,170608_D00341_0534_BHJHY3BCXY,170612_D00222_0509_AHLCCNBCXY,170615_D00222_0510_BHLHLVBCXY,170627_D00222_0512_AHLFG5BCXY,170724_D00222_0513_AHLFG2BCXY,170803_D00341_0538_AHL3L3BCXY,170809_D00341_0539_AHMWYNBCXY,170818_D00222_0516_AHMYKVBCXY,170908_D00341_0543_BHVFNJBCXY,170915_D00222_0519_AHVCHJBCXY,170928_D00222_0524_AHYGMNBCXY,171004_D00341_0546_AHYGHJBCXY,171011_D00341_0549_BHYGMMBCXY,171020_D00222_0528_BHYFC2BCXY,171114_D00341_0562_AH2GGNBCX2,171226_D00341_0577_AH5GKMBCX2,171228_D00341_0578_BH5GM2BCX2
2018/04/09 14:27:15,998 root INFO 160831_D00341_0485_AHMWCYBCXX,160908_D00222_0464_AHVM3HBCXX,160914_D00222_0465_BHVLWCBCXX,160919_D00222_0466_AHVK7FBCXX,160922_D00341_0489_AHVNV5BCXX,160930_D00341_0491_AHVM2GBCXX,161005_D00222_0467_AHVJJMBCXX,161013_D00341_0494_AHVJJCBCXX,161017_D00222_0470_AHVLNLBCXX,161021_D00341_0497_AHVLWFBCXX,161031_D00222_0472_BH3LCCBCXY,161031_D00341_0499_AHVJJYBCXX,161104_D00341_0502_AH3GM2BCXY,161110_D00341_0503_AH3N3TBCXY,161208_D00222_0481_AH3FGVBCXY,161214_D00341_0506_AH7KNCBCXY,161228_D00222_0486_AH7KYHBCXY,170105_D00222_0487_AH7LFTBCXY,170105_D00341_0512_AH7LYGBCXY,170117_D00341_0513_AHFG5NBCXY,170120_D00222_0489_BHFFTWBCXY,170127_D00341_0514_AHFG37BCXY,170127_D00341_0515_BHFFYVBCXY,170206_D00341_0516_AHFG72BCXY,170209_D00341_0517_BHC5WYBCXY,170213_D00222_0492_AHC3M5BCXY,170221_D00341_0518_AHG3TWBCXY,170227_D00222_0497_AHG3V2BCXY,170301_D00222_0498_BHG72GBCXY,170303_D00341_0520_AHG5HFBCXY,170309_D00341_0521_BHG5FNBCXY,170313_D00341_0522_AHG5YMBCXY,170317_D00222_0502_AHG37NBCXY,170324_D00341_0523_AHHJK7BCXY,170330_D00222_0504_AHG3W3BCXY,170407_D00341_0526_AHHH5FBCXY,170407_D00341_0527_BHHH5WBCXY,170412_D00341_0528_AHHH3GBCXY,170419_D00341_0529_AHKJ7NBCXY,170426_D00341_0530_AHKHN5BCXY,170510_D00222_0507_AHKFGTBCXY,170518_D00341_0532_AHKHMWBCXY,170608_D00341_0534_BHJHY3BCXY,170612_D00222_0509_AHLCCNBCXY,170615_D00222_0510_BHLHLVBCXY,170627_D00222_0512_AHLFG5BCXY,170724_D00222_0513_AHLFG2BCXY,170803_D00341_0538_AHL3L3BCXY,170809_D00341_0539_AHMWYNBCXY,170818_D00222_0516_AHMYKVBCXY,170908_D00341_0543_BHVFNJBCXY,170915_D00222_0519_AHVCHJBCXY,170928_D00222_0524_AHYGMNBCXY,171004_D00341_0546_AHYGHJBCXY,171011_D00341_0549_BHYGMMBCXY,171020_D00222_0528_BHYFC2BCXY,171114_D00341_0562_AH2GGNBCX2,171226_D00341_0577_AH5GKMBCX2,171228_D00341_0578_BH5GM2BCX2
2018/04/09 14:45:16,992 root INFO 160831_D00341_0485_AHMWCYBCXX,160908_D00222_0464_AHVM3HBCXX,160914_D00222_0465_BHVLWCBCXX,160919_D00222_0466_AHVK7FBCXX,160922_D00341_0489_AHVNV5BCXX,160930_D00341_0491_AHVM2GBCXX,161005_D00222_0467_AHVJJMBCXX,161013_D00341_0494_AHVJJCBCXX,161017_D00222_0470_AHVLNLBCXX,161021_D00341_0497_AHVLWFBCXX,161031_D00222_0472_BH3LCCBCXY,161031_D00341_0499_AHVJJYBCXX,161104_D00341_0502_AH3GM2BCXY,161110_D00341_0503_AH3N3TBCXY,161208_D00222_0481_AH3FGVBCXY,161214_D00341_0506_AH7KNCBCXY,161228_D00222_0486_AH7KYHBCXY,170105_D00222_0487_AH7LFTBCXY,170105_D00341_0512_AH7LYGBCXY,170117_D00341_0513_AHFG5NBCXY,170120_D00222_0489_BHFFTWBCXY,170127_D00341_0514_AHFG37BCXY,170127_D00341_0515_BHFFYVBCXY,170206_D00341_0516_AHFG72BCXY,170209_D00341_0517_BHC5WYBCXY,170213_D00222_0492_AHC3M5BCXY,170221_D00341_0518_AHG3TWBCXY,170227_D00222_0497_AHG3V2BCXY,170301_D00222_0498_BHG72GBCXY,170303_D00341_0520_AHG5HFBCXY,170309_D00341_0521_BHG5FNBCXY,170313_D00341_0522_AHG5YMBCXY,170317_D00222_0502_AHG37NBCXY,170324_D00341_0523_AHHJK7BCXY,170330_D00222_0504_AHG3W3BCXY,170407_D00341_0526_AHHH5FBCXY,170407_D00341_0527_BHHH5WBCXY,170412_D00341_0528_AHHH3GBCXY,170419_D00341_0529_AHKJ7NBCXY,170426_D00341_0530_AHKHN5BCXY,170510_D00222_0507_AHKFGTBCXY,170518_D00341_0532_AHKHMWBCXY,170608_D00341_0534_BHJHY3BCXY,170612_D00222_0509_AHLCCNBCXY,170615_D00222_0510_BHLHLVBCXY,170627_D00222_0512_AHLFG5BCXY,170724_D00222_0513_AHLFG2BCXY,170803_D00341_0538_AHL3L3BCXY,170809_D00341_0539_AHMWYNBCXY,170818_D00222_0516_AHMYKVBCXY,170908_D00341_0543_BHVFNJBCXY,170915_D00222_0519_AHVCHJBCXY,170928_D00222_0524_AHYGMNBCXY,171004_D00341_0546_AHYGHJBCXY,171011_D00341_0549_BHYGMMBCXY,171020_D00222_0528_BHYFC2BCXY,171114_D00341_0562_AH2GGNBCX2,171226_D00341_0577_AH5GKMBCX2,171228_D00341_0578_BH5GM2BCX2
2018/04/09 15:01:15,493 root INFO 160831_D00341_0485_AHMWCYBCXX,160908_D00222_0464_AHVM3HBCXX,160914_D00222_0465_BHVLWCBCXX,160919_D00222_0466_AHVK7FBCXX,160922_D00341_0489_AHVNV5BCXX,160930_D00341_0491_AHVM2GBCXX,161005_D00222_0467_AHVJJMBCXX,161013_D00341_0494_AHVJJCBCXX,161017_D00222_0470_AHVLNLBCXX,161021_D00341_0497_AHVLWFBCXX,161031_D00222_0472_BH3LCCBCXY,161031_D00341_0499_AHVJJYBCXX,161104_D00341_0502_AH3GM2BCXY,161110_D00341_0503_AH3N3TBCXY,161208_D00222_0481_AH3FGVBCXY,161214_D00341_0506_AH7KNCBCXY,161228_D00222_0486_AH7KYHBCXY,170105_D00222_0487_AH7LFTBCXY,170105_D00341_0512_AH7LYGBCXY,170117_D00341_0513_AHFG5NBCXY,170120_D00222_0489_BHFFTWBCXY,170127_D00341_0514_AHFG37BCXY,170127_D00341_0515_BHFFYVBCXY,170206_D00341_0516_AHFG72BCXY,170209_D00341_0517_BHC5WYBCXY,170213_D00222_0492_AHC3M5BCXY,170221_D00341_0518_AHG3TWBCXY,170227_D00222_0497_AHG3V2BCXY,170301_D00222_0498_BHG72GBCXY,170303_D00341_0520_AHG5HFBCXY,170309_D00341_0521_BHG5FNBCXY,170313_D00341_0522_AHG5YMBCXY,170317_D00222_0502_AHG37NBCXY,170324_D00341_0523_AHHJK7BCXY,170330_D00222_0504_AHG3W3BCXY,170407_D00341_0526_AHHH5FBCXY,170407_D00341_0527_BHHH5WBCXY,170412_D00341_0528_AHHH3GBCXY,170419_D00341_0529_AHKJ7NBCXY,170426_D00341_0530_AHKHN5BCXY,170510_D00222_0507_AHKFGTBCXY,170518_D00341_0532_AHKHMWBCXY,170608_D00341_0534_BHJHY3BCXY,170612_D00222_0509_AHLCCNBCXY,170615_D00222_0510_BHLHLVBCXY,170627_D00222_0512_AHLFG5BCXY,170724_D00222_0513_AHLFG2BCXY,170803_D00341_0538_AHL3L3BCXY,170809_D00341_0539_AHMWYNBCXY,170818_D00222_0516_AHMYKVBCXY,170908_D00341_0543_BHVFNJBCXY,170915_D00222_0519_AHVCHJBCXY,170928_D00222_0524_AHYGMNBCXY,171004_D00341_0546_AHYGHJBCXY,171011_D00341_0549_BHYGMMBCXY,171020_D00222_0528_BHYFC2BCXY,171114_D00341_0562_AH2GGNBCX2,171226_D00341_0577_AH5GKMBCX2,171228_D00341_0578_BH5GM2BCX2
2018/04/09 15:06:41,421 root INFO 160831_D00341_0485_AHMWCYBCXX,160908_D00222_0464_AHVM3HBCXX,160914_D00222_0465_BHVLWCBCXX,160919_D00222_0466_AHVK7FBCXX,160922_D00341_0489_AHVNV5BCXX,160930_D00341_0491_AHVM2GBCXX,161005_D00222_0467_AHVJJMBCXX,161013_D00341_0494_AHVJJCBCXX,161017_D00222_0470_AHVLNLBCXX,161021_D00341_0497_AHVLWFBCXX,161031_D00222_0472_BH3LCCBCXY,161031_D00341_0499_AHVJJYBCXX,161104_D00341_0502_AH3GM2BCXY,161110_D00341_0503_AH3N3TBCXY,161208_D00222_0481_AH3FGVBCXY,161214_D00341_0506_AH7KNCBCXY,161228_D00222_0486_AH7KYHBCXY,170105_D00222_0487_AH7LFTBCXY,170105_D00341_0512_AH7LYGBCXY,170117_D00341_0513_AHFG5NBCXY,170120_D00222_0489_BHFFTWBCXY,170127_D00341_0514_AHFG37BCXY,170127_D00341_0515_BHFFYVBCXY,170206_D00341_0516_AHFG72BCXY,170209_D00341_0517_BHC5WYBCXY,170213_D00222_0492_AHC3M5BCXY,170221_D00341_0518_AHG3TWBCXY,170227_D00222_0497_AHG3V2BCXY,170301_D00222_0498_BHG72GBCXY,170303_D00341_0520_AHG5HFBCXY,170309_D00341_0521_BHG5FNBCXY,170313_D00341_0522_AHG5YMBCXY,170317_D00222_0502_AHG37NBCXY,170324_D00341_0523_AHHJK7BCXY,170330_D00222_0504_AHG3W3BCXY,170407_D00341_0526_AHHH5FBCXY,170407_D00341_0527_BHHH5WBCXY,170412_D00341_0528_AHHH3GBCXY,170419_D00341_0529_AHKJ7NBCXY,170426_D00341_0530_AHKHN5BCXY,170510_D00222_0507_AHKFGTBCXY,170518_D00341_0532_AHKHMWBCXY,170608_D00341_0534_BHJHY3BCXY,170612_D00222_0509_AHLCCNBCXY,170615_D00222_0510_BHLHLVBCXY,170627_D00222_0512_AHLFG5BCXY,170724_D00222_0513_AHLFG2BCXY,170803_D00341_0538_AHL3L3BCXY,170809_D00341_0539_AHMWYNBCXY,170818_D00222_0516_AHMYKVBCXY,170908_D00341_0543_BHVFNJBCXY,170915_D00222_0519_AHVCHJBCXY,170928_D00222_0524_AHYGMNBCXY,171004_D00341_0546_AHYGHJBCXY,171011_D00341_0549_BHYGMMBCXY,171020_D00222_0528_BHYFC2BCXY,171114_D00341_0562_AH2GGNBCX2,171226_D00341_0577_AH5GKMBCX2,171228_D00341_0578_BH5GM2BCX2
2018/04/09 15:10:51,773 root INFO 160831_D00341_0485_AHMWCYBCXX,160908_D00222_0464_AHVM3HBCXX,160914_D00222_0465_BHVLWCBCXX,160919_D00222_0466_AHVK7FBCXX,160922_D00341_0489_AHVNV5BCXX,160930_D00341_0491_AHVM2GBCXX,161005_D00222_0467_AHVJJMBCXX,161013_D00341_0494_AHVJJCBCXX,161017_D00222_0470_AHVLNLBCXX,161021_D00341_0497_AHVLWFBCXX,161031_D00222_0472_BH3LCCBCXY,161031_D00341_0499_AHVJJYBCXX,161104_D00341_0502_AH3GM2BCXY,161110_D00341_0503_AH3N3TBCXY,161208_D00222_0481_AH3FGVBCXY,161214_D00341_0506_AH7KNCBCXY,161228_D00222_0486_AH7KYHBCXY,170105_D00222_0487_AH7LFTBCXY,170105_D00341_0512_AH7LYGBCXY,170117_D00341_0513_AHFG5NBCXY,170120_D00222_0489_BHFFTWBCXY,170127_D00341_0514_AHFG37BCXY,170127_D00341_0515_BHFFYVBCXY,170206_D00341_0516_AHFG72BCXY,170209_D00341_0517_BHC5WYBCXY,170213_D00222_0492_AHC3M5BCXY,170221_D00341_0518_AHG3TWBCXY,170227_D00222_0497_AHG3V2BCXY,170301_D00222_0498_BHG72GBCXY,170303_D00341_0520_AHG5HFBCXY,170309_D00341_0521_BHG5FNBCXY,170313_D00341_0522_AHG5YMBCXY,170317_D00222_0502_AHG37NBCXY,170324_D00341_0523_AHHJK7BCXY,170330_D00222_0504_AHG3W3BCXY,170407_D00341_0526_AHHH5FBCXY,170407_D00341_0527_BHHH5WBCXY,170412_D00341_0528_AHHH3GBCXY,170419_D00341_0529_AHKJ7NBCXY,170426_D00341_0530_AHKHN5BCXY,170510_D00222_0507_AHKFGTBCXY,170518_D00341_0532_AHKHMWBCXY,170608_D00341_0534_BHJHY3BCXY,170612_D00222_0509_AHLCCNBCXY,170615_D00222_0510_BHLHLVBCXY,170627_D00222_0512_AHLFG5BCXY,170724_D00222_0513_AHLFG2BCXY,170803_D00341_0538_AHL3L3BCXY,170809_D00341_0539_AHMWYNBCXY,170818_D00222_0516_AHMYKVBCXY,170908_D00341_0543_BHVFNJBCXY,170915_D00222_0519_AHVCHJBCXY,170928_D00222_0524_AHYGMNBCXY,171004_D00341_0546_AHYGHJBCXY,171011_D00341_0549_BHYGMMBCXY,171020_D00222_0528_BHYFC2BCXY,171114_D00341_0562_AH2GGNBCX2,171226_D00341_0577_AH5GKMBCX2,171228_D00341_0578_BH5GM2BCX2
2018/04/13 10:57:59,2 root INFO 160831_D00341_0485_AHMWCYBCXX,160908_D00222_0464_AHVM3HBCXX,160914_D00222_0465_BHVLWCBCXX,160919_D00222_0466_AHVK7FBCXX,160922_D00341_0489_AHVNV5BCXX,160930_D00341_0491_AHVM2GBCXX,161005_D00222_0467_AHVJJMBCXX,161013_D00341_0494_AHVJJCBCXX,161017_D00222_0470_AHVLNLBCXX,161021_D00341_0497_AHVLWFBCXX,161031_D00222_0472_BH3LCCBCXY,161031_D00341_0499_AHVJJYBCXX,161104_D00341_0502_AH3GM2BCXY,161110_D00341_0503_AH3N3TBCXY,161208_D00222_0481_AH3FGVBCXY,161214_D00341_0506_AH7KNCBCXY,161228_D00222_0486_AH7KYHBCXY,170105_D00222_0487_AH7LFTBCXY,170105_D00341_0512_AH7LYGBCXY,170117_D00341_0513_AHFG5NBCXY,170120_D00222_0489_BHFFTWBCXY,170127_D00341_0514_AHFG37BCXY,170127_D00341_0515_BHFFYVBCXY,170206_D00341_0516_AHFG72BCXY,170209_D00341_0517_BHC5WYBCXY,170213_D00222_0492_AHC3M5BCXY,170221_D00341_0518_AHG3TWBCXY,170227_D00222_0497_AHG3V2BCXY,170301_D00222_0498_BHG72GBCXY,170303_D00341_0520_AHG5HFBCXY,170309_D00341_0521_BHG5FNBCXY,170313_D00341_0522_AHG5YMBCXY,170317_D00222_0502_AHG37NBCXY,170324_D00341_0523_AHHJK7BCXY,170330_D00222_0504_AHG3W3BCXY,170407_D00341_0526_AHHH5FBCXY,170407_D00341_0527_BHHH5WBCXY,170412_D00341_0528_AHHH3GBCXY,170419_D00341_0529_AHKJ7NBCXY,170426_D00341_0530_AHKHN5BCXY,170510_D00222_0507_AHKFGTBCXY,170518_D00341_0532_AHKHMWBCXY,170608_D00341_0534_BHJHY3BCXY,170612_D00222_0509_AHLCCNBCXY,170615_D00222_0510_BHLHLVBCXY,170627_D00222_0512_AHLFG5BCXY,170724_D00222_0513_AHLFG2BCXY,170803_D00341_0538_AHL3L3BCXY,170809_D00341_0539_AHMWYNBCXY,170818_D00222_0516_AHMYKVBCXY,170908_D00341_0543_BHVFNJBCXY,170915_D00222_0519_AHVCHJBCXY,170928_D00222_0524_AHYGMNBCXY,171004_D00341_0546_AHYGHJBCXY,171011_D00341_0549_BHYGMMBCXY,171020_D00222_0528_BHYFC2BCXY,171114_D00341_0562_AH2GGNBCX2,171226_D00341_0577_AH5GKMBCX2,171228_D00341_0578_BH5GM2BCX2
2018/04/16 11:47:03,579 root INFO 160831_D00341_0485_AHMWCYBCXX,160908_D00222_0464_AHVM3HBCXX,160914_D00222_0465_BHVLWCBCXX,160919_D00222_0466_AHVK7FBCXX,160922_D00341_0489_AHVNV5BCXX,160930_D00341_0491_AHVM2GBCXX,161005_D00222_0467_AHVJJMBCXX,161013_D00341_0494_AHVJJCBCXX,161017_D00222_0470_AHVLNLBCXX,161021_D00341_0497_AHVLWFBCXX,161031_D00222_0472_BH3LCCBCXY,161031_D00341_0499_AHVJJYBCXX,161104_D00341_0502_AH3GM2BCXY,161110_D00341_0503_AH3N3TBCXY,161208_D00222_0481_AH3FGVBCXY,161214_D00341_0506_AH7KNCBCXY,161228_D00222_0486_AH7KYHBCXY,170105_D00222_0487_AH7LFTBCXY,170105_D00341_0512_AH7LYGBCXY,170117_D00341_0513_AHFG5NBCXY,170120_D00222_0489_BHFFTWBCXY,170127_D00341_0514_AHFG37BCXY,170127_D00341_0515_BHFFYVBCXY,170206_D00341_0516_AHFG72BCXY,170209_D00341_0517_BHC5WYBCXY,170213_D00222_0492_AHC3M5BCXY,170221_D00341_0518_AHG3TWBCXY,170227_D00222_0497_AHG3V2BCXY,170301_D00222_0498_BHG72GBCXY,170303_D00341_0520_AHG5HFBCXY,170309_D00341_0521_BHG5FNBCXY,170313_D00341_0522_AHG5YMBCXY,170317_D00222_0502_AHG37NBCXY,170324_D00341_0523_AHHJK7BCXY,170330_D00222_0504_AHG3W3BCXY,170407_D00341_0526_AHHH5FBCXY,170407_D00341_0527_BHHH5WBCXY,170412_D00341_0528_AHHH3GBCXY,170419_D00341_0529_AHKJ7NBCXY,170426_D00341_0530_AHKHN5BCXY,170510_D00222_0507_AHKFGTBCXY,170518_D00341_0532_AHKHMWBCXY,170608_D00341_0534_BHJHY3BCXY,170612_D00222_0509_AHLCCNBCXY,170615_D00222_0510_BHLHLVBCXY,170627_D00222_0512_AHLFG5BCXY,170724_D00222_0513_AHLFG2BCXY,170803_D00341_0538_AHL3L3BCXY,170809_D00341_0539_AHMWYNBCXY,170818_D00222_0516_AHMYKVBCXY,170908_D00341_0543_BHVFNJBCXY,170915_D00222_0519_AHVCHJBCXY,170928_D00222_0524_AHYGMNBCXY,171004_D00341_0546_AHYGHJBCXY,171011_D00341_0549_BHYGMMBCXY,171020_D00222_0528_BHYFC2BCXY,171114_D00341_0562_AH2GGNBCX2,171226_D00341_0577_AH5GKMBCX2,171228_D00341_0578_BH5GM2BCX2
2018/04/26 17:06:15,259 root INFO 
2018/04/26 17:07:41,298 root INFO 
2018/04/26 17:08:38,809 root INFO 
2018/04/26 17:09:13,727 root INFO 
2018/04/26 17:19:20,784 root INFO 170510_D00222_0507_AHKFGTBCXY,170518_D00341_0532_AHKHMWBCXY,170608_D00341_0534_BHJHY3BCXY,170612_D00222_0509_AHLCCNBCXY,170724_D00222_0513_AHLFG2BCXY,170818_D00222_0516_AHMYKVBCXY,180205_D00341_0596_AH7F7JBCX2,180209_D00341_0598_AH75L2BCX2,180209_D00341_0599_BH77TTBCX2,180214_D00341_0600_BH75TJBCX2,180214_D00341_0601_AH77TMBCX2,180226_D00341_0603_AH72CVBCX2,180226_D00341_0604_BH75NMBCX2,180307_D00341_0608_BH75WVBCX2,180309_D00341_0610_BH7Y7HBCX2,180312_D00341_0611_AHC2MGBCX2,180312_D00341_0612_BH7YMVBCX2,180315_D00341_0613_AHC2M2BCX2,180315_D00341_0614_BHC35JBCX2,180319_D00341_0615_AHC3F5BCX2,180327_D00341_0618_BH7YCGBCX2,180404_D00341_0620_BH7YHYBCX2
